# JRE version: OpenJDK Runtime Environment (17.0.7) (build 17.0.7+0-b2043.56-10550314)
# Java VM: OpenJDK 64-Bit Server VM (17.0.7+0-b2043.56-10550314, mixed mode, tiered, compressed oops, compressed class ptrs, g1 gc, windows-amd64)
GC Precious Log:
 CPUs: 12 total, 12 available
 Memory: 16068M
 Large Page Support: Disabled
 NUMA Support: Disabled
 Compressed Oops: Enabled (32-bit)
 Heap Region Size: 1M
 Heap Min Capacity: 8M
 Heap Initial Capacity: 252M
 Heap Max Capacity: 2G
 Pre-touch: Disabled
 Parallel Workers: 10
 Concurrent Workers: 3
 Concurrent Refinement Workers: 10
 Periodic GC: Disabled
Heap:
 garbage-first heap   total 335872K, used 116342K [0x0000000080000000, 0x0000000100000000)
  region size 1024K, 19 young (19456K), 10 survivors (10240K)
 Metaspace       used 108705K, committed 109504K, reserved 1179648K
  class space    used 14902K, committed 15296K, reserved 1048576K
GC Heap History (20 events):
Event: 18.537 GC heap before
{Heap before GC invocations=55 (full 0):
 garbage-first heap   total 147456K, used 120836K [0x0000000080000000, 0x0000000100000000)
  region size 1024K, 40 young (40960K), 4 survivors (4096K)
 Metaspace       used 91479K, committed 92160K, reserved 1179648K
  class space    used 12574K, committed 12864K, reserved 1048576K
}
Event: 18.543 GC heap after
{Heap after GC invocations=56 (full 0):
 garbage-first heap   total 147456K, used 86487K [0x0000000080000000, 0x0000000100000000)
  region size 1024K, 5 young (5120K), 5 survivors (5120K)
 Metaspace       used 91479K, committed 92160K, reserved 1179648K
  class space    used 12574K, committed 12864K, reserved 1048576K
}
Event: 18.579 GC heap before
{Heap before GC invocations=56 (full 0):
 garbage-first heap   total 147456K, used 88535K [0x0000000080000000, 0x0000000100000000)
  region size 1024K, 7 young (7168K), 5 survivors (5120K)
 Metaspace       used 91625K, committed 92352K, reserved 1179648K
  class space    used 12595K, committed 12928K, reserved 1048576K
}
Event: 18.584 GC heap after
{Heap after GC invocations=57 (full 0):
 garbage-first heap   total 147456K, used 86968K [0x0000000080000000, 0x0000000100000000)
  region size 1024K, 1 young (1024K), 1 survivors (1024K)
 Metaspace       used 91625K, committed 92352K, reserved 1179648K
  class space    used 12595K, committed 12928K, reserved 1048576K
}
Event: 19.361 GC heap before
{Heap before GC invocations=57 (full 0):
 garbage-first heap   total 147456K, used 122808K [0x0000000080000000, 0x0000000100000000)
  region size 1024K, 36 young (36864K), 1 survivors (1024K)
 Metaspace       used 94435K, committed 95104K, reserved 1179648K
  class space    used 13017K, committed 13312K, reserved 1048576K
}
Event: 19.364 GC heap after
{Heap after GC invocations=58 (full 0):
 garbage-first heap   total 147456K, used 88342K [0x0000000080000000, 0x0000000100000000)
  region size 1024K, 2 young (2048K), 2 survivors (2048K)
 Metaspace       used 94435K, committed 95104K, reserved 1179648K
  class space    used 13017K, committed 13312K, reserved 1048576K
}
Event: 20.179 GC heap before
{Heap before GC invocations=59 (full 0):
 garbage-first heap   total 152576K, used 124182K [0x0000000080000000, 0x0000000100000000)
  region size 1024K, 37 young (37888K), 2 survivors (2048K)
 Metaspace       used 97835K, committed 98560K, reserved 1179648K
  class space    used 13485K, committed 13824K, reserved 1048576K
}
Event: 20.183 GC heap after
{Heap after GC invocations=60 (full 0):
 garbage-first heap   total 152576K, used 90605K [0x0000000080000000, 0x0000000100000000)
  region size 1024K, 5 young (5120K), 5 survivors (5120K)
 Metaspace       used 97835K, committed 98560K, reserved 1179648K
  class space    used 13485K, committed 13824K, reserved 1048576K
}
Event: 20.211 GC heap before
{Heap before GC invocations=60 (full 0):
 garbage-first heap   total 152576K, used 92653K [0x0000000080000000, 0x0000000100000000)
  region size 1024K, 7 young (7168K), 5 survivors (5120K)
 Metaspace       used 97954K, committed 98624K, reserved 1179648K
  class space    used 13499K, committed 13824K, reserved 1048576K
}
Event: 20.216 GC heap after
{Heap after GC invocations=61 (full 0):
 garbage-first heap   total 152576K, used 90535K [0x0000000080000000, 0x0000000100000000)
  region size 1024K, 1 young (1024K), 1 survivors (1024K)
 Metaspace       used 97954K, committed 98624K, reserved 1179648K
  class space    used 13499K, committed 13824K, reserved 1048576K
}
Event: 20.897 GC heap before
{Heap before GC invocations=61 (full 0):
 garbage-first heap   total 152576K, used 128423K [0x0000000080000000, 0x0000000100000000)
  region size 1024K, 38 young (38912K), 1 survivors (1024K)
 Metaspace       used 99480K, committed 100224K, reserved 1179648K
  class space    used 13710K, committed 14080K, reserved 1048576K
}
Event: 20.901 GC heap after
{Heap after GC invocations=62 (full 0):
 garbage-first heap   total 152576K, used 94115K [0x0000000080000000, 0x0000000100000000)
  region size 1024K, 5 young (5120K), 5 survivors (5120K)
 Metaspace       used 99480K, committed 100224K, reserved 1179648K
  class space    used 13710K, committed 14080K, reserved 1048576K
}
Event: 21.285 GC heap before
{Heap before GC invocations=63 (full 0):
 garbage-first heap   total 167936K, used 125859K [0x0000000080000000, 0x0000000100000000)
  region size 1024K, 36 young (36864K), 5 survivors (5120K)
 Metaspace       used 99600K, committed 100352K, reserved 1179648K
  class space    used 13718K, committed 14080K, reserved 1048576K
}
Event: 21.291 GC heap after
{Heap after GC invocations=64 (full 0):
 garbage-first heap   total 167936K, used 99096K [0x0000000080000000, 0x0000000100000000)
  region size 1024K, 5 young (5120K), 5 survivors (5120K)
 Metaspace       used 99600K, committed 100352K, reserved 1179648K
  class space    used 13718K, committed 14080K, reserved 1048576K
}
Event: 21.320 GC heap before
{Heap before GC invocations=64 (full 0):
 garbage-first heap   total 167936K, used 102168K [0x0000000080000000, 0x0000000100000000)
  region size 1024K, 8 young (8192K), 5 survivors (5120K)
 Metaspace       used 99609K, committed 100352K, reserved 1179648K
  class space    used 13718K, committed 14080K, reserved 1048576K
}
Event: 21.324 GC heap after
{Heap after GC invocations=65 (full 0):
 garbage-first heap   total 167936K, used 99893K [0x0000000080000000, 0x0000000100000000)
  region size 1024K, 1 young (1024K), 1 survivors (1024K)
 Metaspace       used 99609K, committed 100352K, reserved 1179648K
  class space    used 13718K, committed 14080K, reserved 1048576K
}
Event: 22.070 GC heap before
{Heap before GC invocations=65 (full 0):
 garbage-first heap   total 167936K, used 136757K [0x0000000080000000, 0x0000000100000000)
  region size 1024K, 38 young (38912K), 1 survivors (1024K)
 Metaspace       used 101612K, committed 102400K, reserved 1179648K
  class space    used 14139K, committed 14528K, reserved 1048576K
}
Event: 22.078 GC heap after
{Heap after GC invocations=66 (full 0):
 garbage-first heap   total 335872K, used 102960K [0x0000000080000000, 0x0000000100000000)
  region size 1024K, 4 young (4096K), 4 survivors (4096K)
 Metaspace       used 101612K, committed 102400K, reserved 1179648K
  class space    used 14139K, committed 14528K, reserved 1048576K
}
Event: 23.724 GC heap before
{Heap before GC invocations=67 (full 0):
 garbage-first heap   total 335872K, used 274992K [0x0000000080000000, 0x0000000100000000)
  region size 1024K, 149 young (152576K), 4 survivors (4096K)
 Metaspace       used 108636K, committed 109440K, reserved 1179648K
  class space    used 14899K, committed 15296K, reserved 1048576K
}
Event: 23.734 GC heap after
{Heap after GC invocations=68 (full 0):
 garbage-first heap   total 335872K, used 108150K [0x0000000080000000, 0x0000000100000000)
  region size 1024K, 10 young (10240K), 10 survivors (10240K)
 Metaspace       used 108636K, committed 109440K, reserved 1179648K
  class space    used 14899K, committed 15296K, reserved 1048576K
}

